<?xml version="1.0" encoding="UTF-8"?>
<testsuite name="SudokuSolverTest" tests="1" skipped="0" failures="0" errors="0" timestamp="2021-04-20T23:42:17" hostname="Debaniks-MacBook-Air.local" time="0.05">
  <properties/>
  <testcase name="testSudokuSolver1()" classname="SudokuSolverTest" time="0.05"/>
  <system-out><![CDATA[]]></system-out>
  <system-err><![CDATA[]]></system-err>
</testsuite>
